c:\users\20212692\documents\private\projects\my-first-renderer\my first renderer\myfirstrenderer\x64\debug\vc143.pdb
c:\users\20212692\documents\private\projects\my-first-renderer\my first renderer\myfirstrenderer\x64\debug\vc143.idb
c:\users\20212692\documents\private\projects\my-first-renderer\my first renderer\myfirstrenderer\x64\debug\glad.obj
c:\users\20212692\documents\private\projects\my-first-renderer\my first renderer\myfirstrenderer\x64\debug\window.obj
c:\users\20212692\documents\private\projects\my-first-renderer\my first renderer\myfirstrenderer\x64\debug\shader.obj
c:\users\20212692\documents\private\projects\my-first-renderer\my first renderer\myfirstrenderer\x64\debug\stb_image.obj
c:\users\20212692\documents\private\projects\my-first-renderer\my first renderer\myfirstrenderer\x64\debug\object.obj
c:\users\20212692\documents\private\projects\my-first-renderer\my first renderer\x64\debug\myfirstrenderer.exe
c:\users\20212692\documents\private\projects\my-first-renderer\my first renderer\x64\debug\myfirstrenderer.pdb
c:\users\20212692\documents\private\projects\my-first-renderer\my first renderer\myfirstrenderer\x64\debug\myfirstrenderer.ilk
c:\users\20212692\documents\private\projects\my-first-renderer\my first renderer\myfirstrenderer\x64\debug\myfirstrenderer.tlog\cl.command.1.tlog
c:\users\20212692\documents\private\projects\my-first-renderer\my first renderer\myfirstrenderer\x64\debug\myfirstrenderer.tlog\cl.items.tlog
c:\users\20212692\documents\private\projects\my-first-renderer\my first renderer\myfirstrenderer\x64\debug\myfirstrenderer.tlog\cl.read.1.tlog
c:\users\20212692\documents\private\projects\my-first-renderer\my first renderer\myfirstrenderer\x64\debug\myfirstrenderer.tlog\cl.write.1.tlog
c:\users\20212692\documents\private\projects\my-first-renderer\my first renderer\myfirstrenderer\x64\debug\myfirstrenderer.tlog\link.22000.read.1.tlog
c:\users\20212692\documents\private\projects\my-first-renderer\my first renderer\myfirstrenderer\x64\debug\myfirstrenderer.tlog\link.22000.read.2.tlog
c:\users\20212692\documents\private\projects\my-first-renderer\my first renderer\myfirstrenderer\x64\debug\myfirstrenderer.tlog\link.22000.write.1.tlog
c:\users\20212692\documents\private\projects\my-first-renderer\my first renderer\myfirstrenderer\x64\debug\myfirstrenderer.tlog\link.command.1.tlog
c:\users\20212692\documents\private\projects\my-first-renderer\my first renderer\myfirstrenderer\x64\debug\myfirstrenderer.tlog\link.read.1.tlog
c:\users\20212692\documents\private\projects\my-first-renderer\my first renderer\myfirstrenderer\x64\debug\myfirstrenderer.tlog\link.read.2.tlog
c:\users\20212692\documents\private\projects\my-first-renderer\my first renderer\myfirstrenderer\x64\debug\myfirstrenderer.tlog\link.secondary.1.tlog
c:\users\20212692\documents\private\projects\my-first-renderer\my first renderer\myfirstrenderer\x64\debug\myfirstrenderer.tlog\link.write.1.tlog
